gcc -D_FORTIFY_SOURCE=2 -D_GNU_SOURCE -D_FILE_OFFSET_BITS=64 -D_LARGEFILE_SOURCE -Wstrict-prototypes -Wredundant-decls -Wall -Wundef -Wwrite-strings -Wmissing-prototypes -fno-strict-aliasing -c -o /tmp/qemu-conf--4336-.o /tmp/qemu-conf--4336-.c
/tmp/qemu-conf--4336-.c:2:2: 錯誤： #error Not defined
gcc -D_FORTIFY_SOURCE=2 -D_GNU_SOURCE -D_FILE_OFFSET_BITS=64 -D_LARGEFILE_SOURCE -Wstrict-prototypes -Wredundant-decls -Wall -Wundef -Wwrite-strings -Wmissing-prototypes -fno-strict-aliasing -c -o /tmp/qemu-conf--4336-.o /tmp/qemu-conf--4336-.c
gcc -D_FORTIFY_SOURCE=2 -D_GNU_SOURCE -D_FILE_OFFSET_BITS=64 -D_LARGEFILE_SOURCE -Wstrict-prototypes -Wredundant-decls -Wall -Wundef -Wwrite-strings -Wmissing-prototypes -fno-strict-aliasing -c -o /tmp/qemu-conf--4336-.o /tmp/qemu-conf--4336-.c
gcc -m64 -D_FORTIFY_SOURCE=2 -D_GNU_SOURCE -D_FILE_OFFSET_BITS=64 -D_LARGEFILE_SOURCE -Wstrict-prototypes -Wredundant-decls -Wall -Wundef -Wwrite-strings -Wmissing-prototypes -fno-strict-aliasing -c -o /tmp/qemu-conf--4336-.o /tmp/qemu-conf--4336-.c
/tmp/qemu-conf--4336-.c: In function 「main」:
/tmp/qemu-conf--4336-.c:1:1: 警告： control reaches end of non-void function [-Wreturn-type]
gcc -m64 -D_FORTIFY_SOURCE=2 -D_GNU_SOURCE -D_FILE_OFFSET_BITS=64 -D_LARGEFILE_SOURCE -Wstrict-prototypes -Wredundant-decls -Wall -Wundef -Wwrite-strings -Wmissing-prototypes -fno-strict-aliasing -fstack-protector-all -Werror -o /tmp/qemu-conf--4336-.exe /tmp/qemu-conf--4336-.c -m64 -g
gcc -m64 -D_FORTIFY_SOURCE=2 -D_GNU_SOURCE -D_FILE_OFFSET_BITS=64 -D_LARGEFILE_SOURCE -Wstrict-prototypes -Wredundant-decls -Wall -Wundef -Wwrite-strings -Wmissing-prototypes -fno-strict-aliasing -fstack-protector-all -Wendif-labels -Werror -o /tmp/qemu-conf--4336-.exe /tmp/qemu-conf--4336-.c -m64 -g
gcc -m64 -D_FORTIFY_SOURCE=2 -D_GNU_SOURCE -D_FILE_OFFSET_BITS=64 -D_LARGEFILE_SOURCE -Wstrict-prototypes -Wredundant-decls -Wall -Wundef -Wwrite-strings -Wmissing-prototypes -fno-strict-aliasing -fstack-protector-all -Wendif-labels -Wmissing-include-dirs -Werror -o /tmp/qemu-conf--4336-.exe /tmp/qemu-conf--4336-.c -m64 -g
gcc -m64 -D_FORTIFY_SOURCE=2 -D_GNU_SOURCE -D_FILE_OFFSET_BITS=64 -D_LARGEFILE_SOURCE -Wstrict-prototypes -Wredundant-decls -Wall -Wundef -Wwrite-strings -Wmissing-prototypes -fno-strict-aliasing -fstack-protector-all -Wendif-labels -Wmissing-include-dirs -Wempty-body -Werror -o /tmp/qemu-conf--4336-.exe /tmp/qemu-conf--4336-.c -m64 -g
gcc -m64 -D_FORTIFY_SOURCE=2 -D_GNU_SOURCE -D_FILE_OFFSET_BITS=64 -D_LARGEFILE_SOURCE -Wstrict-prototypes -Wredundant-decls -Wall -Wundef -Wwrite-strings -Wmissing-prototypes -fno-strict-aliasing -fstack-protector-all -Wendif-labels -Wmissing-include-dirs -Wempty-body -Wnested-externs -Werror -o /tmp/qemu-conf--4336-.exe /tmp/qemu-conf--4336-.c -m64 -g
gcc -m64 -D_FORTIFY_SOURCE=2 -D_GNU_SOURCE -D_FILE_OFFSET_BITS=64 -D_LARGEFILE_SOURCE -Wstrict-prototypes -Wredundant-decls -Wall -Wundef -Wwrite-strings -Wmissing-prototypes -fno-strict-aliasing -fstack-protector-all -Wendif-labels -Wmissing-include-dirs -Wempty-body -Wnested-externs -Wformat-security -Werror -o /tmp/qemu-conf--4336-.exe /tmp/qemu-conf--4336-.c -m64 -g
gcc -m64 -D_FORTIFY_SOURCE=2 -D_GNU_SOURCE -D_FILE_OFFSET_BITS=64 -D_LARGEFILE_SOURCE -Wstrict-prototypes -Wredundant-decls -Wall -Wundef -Wwrite-strings -Wmissing-prototypes -fno-strict-aliasing -fstack-protector-all -Wendif-labels -Wmissing-include-dirs -Wempty-body -Wnested-externs -Wformat-security -Wformat-y2k -Werror -o /tmp/qemu-conf--4336-.exe /tmp/qemu-conf--4336-.c -m64 -g
gcc -m64 -D_FORTIFY_SOURCE=2 -D_GNU_SOURCE -D_FILE_OFFSET_BITS=64 -D_LARGEFILE_SOURCE -Wstrict-prototypes -Wredundant-decls -Wall -Wundef -Wwrite-strings -Wmissing-prototypes -fno-strict-aliasing -fstack-protector-all -Wendif-labels -Wmissing-include-dirs -Wempty-body -Wnested-externs -Wformat-security -Wformat-y2k -Winit-self -Werror -o /tmp/qemu-conf--4336-.exe /tmp/qemu-conf--4336-.c -m64 -g
gcc -m64 -D_FORTIFY_SOURCE=2 -D_GNU_SOURCE -D_FILE_OFFSET_BITS=64 -D_LARGEFILE_SOURCE -Wstrict-prototypes -Wredundant-decls -Wall -Wundef -Wwrite-strings -Wmissing-prototypes -fno-strict-aliasing -fstack-protector-all -Wendif-labels -Wmissing-include-dirs -Wempty-body -Wnested-externs -Wformat-security -Wformat-y2k -Winit-self -Wignored-qualifiers -Werror -o /tmp/qemu-conf--4336-.exe /tmp/qemu-conf--4336-.c -m64 -g
gcc -m64 -D_FORTIFY_SOURCE=2 -D_GNU_SOURCE -D_FILE_OFFSET_BITS=64 -D_LARGEFILE_SOURCE -Wstrict-prototypes -Wredundant-decls -Wall -Wundef -Wwrite-strings -Wmissing-prototypes -fno-strict-aliasing -fstack-protector-all -Wendif-labels -Wmissing-include-dirs -Wempty-body -Wnested-externs -Wformat-security -Wformat-y2k -Winit-self -Wignored-qualifiers -Wold-style-declaration -Werror -o /tmp/qemu-conf--4336-.exe /tmp/qemu-conf--4336-.c -m64 -g
gcc -m64 -D_FORTIFY_SOURCE=2 -D_GNU_SOURCE -D_FILE_OFFSET_BITS=64 -D_LARGEFILE_SOURCE -Wstrict-prototypes -Wredundant-decls -Wall -Wundef -Wwrite-strings -Wmissing-prototypes -fno-strict-aliasing -fstack-protector-all -Wendif-labels -Wmissing-include-dirs -Wempty-body -Wnested-externs -Wformat-security -Wformat-y2k -Winit-self -Wignored-qualifiers -Wold-style-declaration -Wold-style-definition -Werror -o /tmp/qemu-conf--4336-.exe /tmp/qemu-conf--4336-.c -m64 -g
gcc -m64 -D_FORTIFY_SOURCE=2 -D_GNU_SOURCE -D_FILE_OFFSET_BITS=64 -D_LARGEFILE_SOURCE -Wstrict-prototypes -Wredundant-decls -Wall -Wundef -Wwrite-strings -Wmissing-prototypes -fno-strict-aliasing -fstack-protector-all -Wendif-labels -Wmissing-include-dirs -Wempty-body -Wnested-externs -Wformat-security -Wformat-y2k -Winit-self -Wignored-qualifiers -Wold-style-declaration -Wold-style-definition -Wtype-limits -Werror -o /tmp/qemu-conf--4336-.exe /tmp/qemu-conf--4336-.c -m64 -g
gcc -m64 -D_FORTIFY_SOURCE=2 -D_GNU_SOURCE -D_FILE_OFFSET_BITS=64 -D_LARGEFILE_SOURCE -Wstrict-prototypes -Wredundant-decls -Wall -Wundef -Wwrite-strings -Wmissing-prototypes -fno-strict-aliasing -fstack-protector-all -Wendif-labels -Wmissing-include-dirs -Wempty-body -Wnested-externs -Wformat-security -Wformat-y2k -Winit-self -Wignored-qualifiers -Wold-style-declaration -Wold-style-definition -Wtype-limits -fPIE -DPIE -o /tmp/qemu-conf--4336-.exe /tmp/qemu-conf--4336-.c -m64 -g -pie
gcc -fPIE -DPIE -m64 -D_FORTIFY_SOURCE=2 -D_GNU_SOURCE -D_FILE_OFFSET_BITS=64 -D_LARGEFILE_SOURCE -Wstrict-prototypes -Wredundant-decls -Wall -Wundef -Wwrite-strings -Wmissing-prototypes -fno-strict-aliasing -fstack-protector-all -Wendif-labels -Wmissing-include-dirs -Wempty-body -Wnested-externs -Wformat-security -Wformat-y2k -Winit-self -Wignored-qualifiers -Wold-style-declaration -Wold-style-definition -Wtype-limits -o /tmp/qemu-conf--4336-.exe /tmp/qemu-conf--4336-.c -pie -m64 -g -Wl,-z,relro -Wl,-z,now
gcc -fPIE -DPIE -m64 -D_FORTIFY_SOURCE=2 -D_GNU_SOURCE -D_FILE_OFFSET_BITS=64 -D_LARGEFILE_SOURCE -Wstrict-prototypes -Wredundant-decls -Wall -Wundef -Wwrite-strings -Wmissing-prototypes -fno-strict-aliasing -fstack-protector-all -Wendif-labels -Wmissing-include-dirs -Wempty-body -Wnested-externs -Wformat-security -Wformat-y2k -Winit-self -Wignored-qualifiers -Wold-style-declaration -Wold-style-definition -Wtype-limits -o /tmp/qemu-conf--4336-.exe /tmp/qemu-conf--4336-.c -Wl,-z,relro -Wl,-z,now -pie -m64 -g
gcc -fPIE -DPIE -m64 -D_FORTIFY_SOURCE=2 -D_GNU_SOURCE -D_FILE_OFFSET_BITS=64 -D_LARGEFILE_SOURCE -Wstrict-prototypes -Wredundant-decls -Wall -Wundef -Wwrite-strings -Wmissing-prototypes -fno-strict-aliasing -fstack-protector-all -Wendif-labels -Wmissing-include-dirs -Wempty-body -Wnested-externs -Wformat-security -Wformat-y2k -Winit-self -Wignored-qualifiers -Wold-style-declaration -Wold-style-definition -Wtype-limits -c -o /tmp/qemu-conf--4336-.o /tmp/qemu-conf--4336-.c
gcc -fPIE -DPIE -m64 -D_FORTIFY_SOURCE=2 -D_GNU_SOURCE -D_FILE_OFFSET_BITS=64 -D_LARGEFILE_SOURCE -Wstrict-prototypes -Wredundant-decls -Wall -Wundef -Wwrite-strings -Wmissing-prototypes -fno-strict-aliasing -fstack-protector-all -Wendif-labels -Wmissing-include-dirs -Wempty-body -Wnested-externs -Wformat-security -Wformat-y2k -Winit-self -Wignored-qualifiers -Wold-style-declaration -Wold-style-definition -Wtype-limits -c -o /tmp/qemu-conf--4336-.o /tmp/qemu-conf--4336-.c
/tmp/qemu-conf--4336-.c:3:6: 警告： 函式宣告不是一個原型 [-Wstrict-prototypes]
/tmp/qemu-conf--4336-.c: In function 「foo」:
/tmp/qemu-conf--4336-.c:3:6: 警告： old-style function definition [-Wold-style-definition]
gcc -fPIE -DPIE -m64 -D_FORTIFY_SOURCE=2 -D_GNU_SOURCE -D_FILE_OFFSET_BITS=64 -D_LARGEFILE_SOURCE -Wstrict-prototypes -Wredundant-decls -Wall -Wundef -Wwrite-strings -Wmissing-prototypes -fno-strict-aliasing -fstack-protector-all -Wendif-labels -Wmissing-include-dirs -Wempty-body -Wnested-externs -Wformat-security -Wformat-y2k -Winit-self -Wignored-qualifiers -Wold-style-declaration -Wold-style-definition -Wtype-limits -o /tmp/qemu-conf--4336-.exe /tmp/qemu-conf--4336-.c -Wl,-z,relro -Wl,-z,now -pie -m64 -g -lz
gcc -fPIE -DPIE -m64 -D_FORTIFY_SOURCE=2 -D_GNU_SOURCE -D_FILE_OFFSET_BITS=64 -D_LARGEFILE_SOURCE -Wstrict-prototypes -Wredundant-decls -Wall -Wundef -Wwrite-strings -Wmissing-prototypes -fno-strict-aliasing -fstack-protector-all -Wendif-labels -Wmissing-include-dirs -Wempty-body -Wnested-externs -Wformat-security -Wformat-y2k -Winit-self -Wignored-qualifiers -Wold-style-declaration -Wold-style-definition -Wtype-limits -o /tmp/qemu-conf--4336-.exe /tmp/qemu-conf--4336-.c -Wl,-z,relro -Wl,-z,now -pie -m64 -g -lxenstore -lxenctrl -lxenguest
/tmp/qemu-conf--4336-.c:1:21: 嚴重錯誤： xenctrl.h：沒有此一檔案或目錄
編譯插斷。
gcc -fPIE -DPIE -m64 -D_FORTIFY_SOURCE=2 -D_GNU_SOURCE -D_FILE_OFFSET_BITS=64 -D_LARGEFILE_SOURCE -Wstrict-prototypes -Wredundant-decls -Wall -Wundef -Wwrite-strings -Wmissing-prototypes -fno-strict-aliasing -fstack-protector-all -Wendif-labels -Wmissing-include-dirs -Wempty-body -Wnested-externs -Wformat-security -Wformat-y2k -Winit-self -Wignored-qualifiers -Wold-style-declaration -Wold-style-definition -Wtype-limits -o /tmp/qemu-conf--4336-.exe /tmp/qemu-conf--4336-.c -Wl,-z,relro -Wl,-z,now -pie -m64 -g -lxenstore -lxenctrl -lxenguest
/tmp/qemu-conf--4336-.c:1:21: 嚴重錯誤： xenctrl.h：沒有此一檔案或目錄
編譯插斷。
gcc -fPIE -DPIE -m64 -D_FORTIFY_SOURCE=2 -D_GNU_SOURCE -D_FILE_OFFSET_BITS=64 -D_LARGEFILE_SOURCE -Wstrict-prototypes -Wredundant-decls -Wall -Wundef -Wwrite-strings -Wmissing-prototypes -fno-strict-aliasing -fstack-protector-all -Wendif-labels -Wmissing-include-dirs -Wempty-body -Wnested-externs -Wformat-security -Wformat-y2k -Winit-self -Wignored-qualifiers -Wold-style-declaration -Wold-style-definition -Wtype-limits -o /tmp/qemu-conf--4336-.exe /tmp/qemu-conf--4336-.c -Wl,-z,relro -Wl,-z,now -pie -m64 -g -lxenstore -lxenctrl -lxenguest
/tmp/qemu-conf--4336-.c:1:21: 嚴重錯誤： xenctrl.h：沒有此一檔案或目錄
編譯插斷。
gcc -fPIE -DPIE -m64 -D_FORTIFY_SOURCE=2 -D_GNU_SOURCE -D_FILE_OFFSET_BITS=64 -D_LARGEFILE_SOURCE -Wstrict-prototypes -Wredundant-decls -Wall -Wundef -Wwrite-strings -Wmissing-prototypes -fno-strict-aliasing -fstack-protector-all -Wendif-labels -Wmissing-include-dirs -Wempty-body -Wnested-externs -Wformat-security -Wformat-y2k -Winit-self -Wignored-qualifiers -Wold-style-declaration -Wold-style-definition -Wtype-limits -o /tmp/qemu-conf--4336-.exe /tmp/qemu-conf--4336-.c -Wl,-z,relro -Wl,-z,now -pie -m64 -g -lxenstore -lxenctrl -lxenguest
/tmp/qemu-conf--4336-.c:1:21: 嚴重錯誤： xenctrl.h：沒有此一檔案或目錄
編譯插斷。
gcc -fPIE -DPIE -m64 -D_FORTIFY_SOURCE=2 -D_GNU_SOURCE -D_FILE_OFFSET_BITS=64 -D_LARGEFILE_SOURCE -Wstrict-prototypes -Wredundant-decls -Wall -Wundef -Wwrite-strings -Wmissing-prototypes -fno-strict-aliasing -fstack-protector-all -Wendif-labels -Wmissing-include-dirs -Wempty-body -Wnested-externs -Wformat-security -Wformat-y2k -Winit-self -Wignored-qualifiers -Wold-style-declaration -Wold-style-definition -Wtype-limits -o /tmp/qemu-conf--4336-.exe /tmp/qemu-conf--4336-.c -Wl,-z,relro -Wl,-z,now -pie -m64 -g
/tmp/qemu-conf--4336-.c:1:27: 嚴重錯誤： gnutls/gnutls.h：沒有此一檔案或目錄
編譯插斷。
gcc -fPIE -DPIE -m64 -D_FORTIFY_SOURCE=2 -D_GNU_SOURCE -D_FILE_OFFSET_BITS=64 -D_LARGEFILE_SOURCE -Wstrict-prototypes -Wredundant-decls -Wall -Wundef -Wwrite-strings -Wmissing-prototypes -fno-strict-aliasing -fstack-protector-all -Wendif-labels -Wmissing-include-dirs -Wempty-body -Wnested-externs -Wformat-security -Wformat-y2k -Winit-self -Wignored-qualifiers -Wold-style-declaration -Wold-style-definition -Wtype-limits -o /tmp/qemu-conf--4336-.exe /tmp/qemu-conf--4336-.c -Wl,-z,relro -Wl,-z,now -pie -m64 -g -lsasl2
/tmp/qemu-conf--4336-.c:1:23: 嚴重錯誤： sasl/sasl.h：沒有此一檔案或目錄
編譯插斷。
gcc -fPIE -DPIE -m64 -D_FORTIFY_SOURCE=2 -D_GNU_SOURCE -D_FILE_OFFSET_BITS=64 -D_LARGEFILE_SOURCE -Wstrict-prototypes -Wredundant-decls -Wall -Wundef -Wwrite-strings -Wmissing-prototypes -fno-strict-aliasing -fstack-protector-all -Wendif-labels -Wmissing-include-dirs -Wempty-body -Wnested-externs -Wformat-security -Wformat-y2k -Winit-self -Wignored-qualifiers -Wold-style-declaration -Wold-style-definition -Wtype-limits -o /tmp/qemu-conf--4336-.exe /tmp/qemu-conf--4336-.c -Wl,-z,relro -Wl,-z,now -pie -m64 -g -ljpeg
/tmp/qemu-conf--4336-.c:2:21: 嚴重錯誤： jpeglib.h：沒有此一檔案或目錄
編譯插斷。
gcc -fPIE -DPIE -m64 -D_FORTIFY_SOURCE=2 -D_GNU_SOURCE -D_FILE_OFFSET_BITS=64 -D_LARGEFILE_SOURCE -Wstrict-prototypes -Wredundant-decls -Wall -Wundef -Wwrite-strings -Wmissing-prototypes -fno-strict-aliasing -fstack-protector-all -Wendif-labels -Wmissing-include-dirs -Wempty-body -Wnested-externs -Wformat-security -Wformat-y2k -Winit-self -Wignored-qualifiers -Wold-style-declaration -Wold-style-definition -Wtype-limits -o /tmp/qemu-conf--4336-.exe /tmp/qemu-conf--4336-.c -Wl,-z,relro -Wl,-z,now -pie -m64 -g -lpng
/tmp/qemu-conf--4336-.c:2:17: 嚴重錯誤： png.h：沒有此一檔案或目錄
編譯插斷。
gcc -fPIE -DPIE -m64 -D_FORTIFY_SOURCE=2 -D_GNU_SOURCE -D_FILE_OFFSET_BITS=64 -D_LARGEFILE_SOURCE -Wstrict-prototypes -Wredundant-decls -Wall -Wundef -Wwrite-strings -Wmissing-prototypes -fno-strict-aliasing -fstack-protector-all -Wendif-labels -Wmissing-include-dirs -Wempty-body -Wnested-externs -Wformat-security -Wformat-y2k -Winit-self -Wignored-qualifiers -Wold-style-declaration -Wold-style-definition -Wtype-limits -o /tmp/qemu-conf--4336-.exe /tmp/qemu-conf--4336-.c -Wl,-z,relro -Wl,-z,now -pie -m64 -g
gcc -fPIE -DPIE -m64 -D_FORTIFY_SOURCE=2 -D_GNU_SOURCE -D_FILE_OFFSET_BITS=64 -D_LARGEFILE_SOURCE -Wstrict-prototypes -Wredundant-decls -Wall -Wundef -Wwrite-strings -Wmissing-prototypes -fno-strict-aliasing -fstack-protector-all -Wendif-labels -Wmissing-include-dirs -Wempty-body -Wnested-externs -Wformat-security -Wformat-y2k -Winit-self -Wignored-qualifiers -Wold-style-declaration -Wold-style-definition -Wtype-limits -o /tmp/qemu-conf--4336-.exe /tmp/qemu-conf--4336-.c -Wl,-z,relro -Wl,-z,now -pie -m64 -g -luuid
/tmp/qemu-conf--4336-.c:1:23: 嚴重錯誤： uuid/uuid.h：沒有此一檔案或目錄
編譯插斷。
gcc -fPIE -DPIE -m64 -D_FORTIFY_SOURCE=2 -D_GNU_SOURCE -D_FILE_OFFSET_BITS=64 -D_LARGEFILE_SOURCE -Wstrict-prototypes -Wredundant-decls -Wall -Wundef -Wwrite-strings -Wmissing-prototypes -fno-strict-aliasing -fstack-protector-all -Wendif-labels -Wmissing-include-dirs -Wempty-body -Wnested-externs -Wformat-security -Wformat-y2k -Winit-self -Wignored-qualifiers -Wold-style-declaration -Wold-style-definition -Wtype-limits -o /tmp/qemu-conf--4336-.exe /tmp/qemu-conf--4336-.c -Wl,-z,relro -Wl,-z,now -pie -m64 -g
/tmp/qemu-conf--4336-.c:1:21: 嚴重錯誤： xfs/xfs.h：沒有此一檔案或目錄
編譯插斷。
gcc -fPIE -DPIE -m64 -D_FORTIFY_SOURCE=2 -D_GNU_SOURCE -D_FILE_OFFSET_BITS=64 -D_LARGEFILE_SOURCE -Wstrict-prototypes -Wredundant-decls -Wall -Wundef -Wwrite-strings -Wmissing-prototypes -fno-strict-aliasing -fstack-protector-all -Wendif-labels -Wmissing-include-dirs -Wempty-body -Wnested-externs -Wformat-security -Wformat-y2k -Winit-self -Wignored-qualifiers -Wold-style-declaration -Wold-style-definition -Wtype-limits -o /tmp/qemu-conf--4336-.exe /tmp/qemu-conf--4336-.c -Wl,-z,relro -Wl,-z,now -pie -m64 -g -lvdeplug
/tmp/qemu-conf--4336-.c:1:24: 嚴重錯誤： libvdeplug.h：沒有此一檔案或目錄
編譯插斷。
gcc -fPIE -DPIE -m64 -D_FORTIFY_SOURCE=2 -D_GNU_SOURCE -D_FILE_OFFSET_BITS=64 -D_LARGEFILE_SOURCE -Wstrict-prototypes -Wredundant-decls -Wall -Wundef -Wwrite-strings -Wmissing-prototypes -fno-strict-aliasing -fstack-protector-all -Wendif-labels -Wmissing-include-dirs -Wempty-body -Wnested-externs -Wformat-security -Wformat-y2k -Winit-self -Wignored-qualifiers -Wold-style-declaration -Wold-style-definition -Wtype-limits -o /tmp/qemu-conf--4336-.exe /tmp/qemu-conf--4336-.c -Wl,-z,relro -Wl,-z,now -pie -m64 -g -lbrlapi
/tmp/qemu-conf--4336-.c:1:20: 嚴重錯誤： brlapi.h：沒有此一檔案或目錄
編譯插斷。
gcc -fPIE -DPIE -m64 -D_FORTIFY_SOURCE=2 -D_GNU_SOURCE -D_FILE_OFFSET_BITS=64 -D_LARGEFILE_SOURCE -Wstrict-prototypes -Wredundant-decls -Wall -Wundef -Wwrite-strings -Wmissing-prototypes -fno-strict-aliasing -fstack-protector-all -Wendif-labels -Wmissing-include-dirs -Wempty-body -Wnested-externs -Wformat-security -Wformat-y2k -Winit-self -Wignored-qualifiers -Wold-style-declaration -Wold-style-definition -Wtype-limits -o /tmp/qemu-conf--4336-.exe /tmp/qemu-conf--4336-.c -Wl,-z,relro -Wl,-z,now -pie -m64 -g -lncurses
/tmp/qemu-conf--4336-.c:1:20: 嚴重錯誤： curses.h：沒有此一檔案或目錄
編譯插斷。
gcc -fPIE -DPIE -m64 -D_FORTIFY_SOURCE=2 -D_GNU_SOURCE -D_FILE_OFFSET_BITS=64 -D_LARGEFILE_SOURCE -Wstrict-prototypes -Wredundant-decls -Wall -Wundef -Wwrite-strings -Wmissing-prototypes -fno-strict-aliasing -fstack-protector-all -Wendif-labels -Wmissing-include-dirs -Wempty-body -Wnested-externs -Wformat-security -Wformat-y2k -Winit-self -Wignored-qualifiers -Wold-style-declaration -Wold-style-definition -Wtype-limits -o /tmp/qemu-conf--4336-.exe /tmp/qemu-conf--4336-.c -Wl,-z,relro -Wl,-z,now -pie -m64 -g -lcurses
/tmp/qemu-conf--4336-.c:1:20: 嚴重錯誤： curses.h：沒有此一檔案或目錄
編譯插斷。
gcc -fPIE -DPIE -m64 -D_FORTIFY_SOURCE=2 -D_GNU_SOURCE -D_FILE_OFFSET_BITS=64 -D_LARGEFILE_SOURCE -Wstrict-prototypes -Wredundant-decls -Wall -Wundef -Wwrite-strings -Wmissing-prototypes -fno-strict-aliasing -fstack-protector-all -Wendif-labels -Wmissing-include-dirs -Wempty-body -Wnested-externs -Wformat-security -Wformat-y2k -Winit-self -Wignored-qualifiers -Wold-style-declaration -Wold-style-definition -Wtype-limits -o /tmp/qemu-conf--4336-.exe /tmp/qemu-conf--4336-.c -Wl,-z,relro -Wl,-z,now -pie -m64 -g
/tmp/qemu-conf--4336-.c:1:23: 嚴重錯誤： curl/curl.h：沒有此一檔案或目錄
編譯插斷。
gcc -fPIE -DPIE -m64 -D_FORTIFY_SOURCE=2 -D_GNU_SOURCE -D_FILE_OFFSET_BITS=64 -D_LARGEFILE_SOURCE -Wstrict-prototypes -Wredundant-decls -Wall -Wundef -Wwrite-strings -Wmissing-prototypes -fno-strict-aliasing -fstack-protector-all -Wendif-labels -Wmissing-include-dirs -Wempty-body -Wnested-externs -Wformat-security -Wformat-y2k -Winit-self -Wignored-qualifiers -Wold-style-declaration -Wold-style-definition -Wtype-limits -o /tmp/qemu-conf--4336-.exe /tmp/qemu-conf--4336-.c -Wl,-z,relro -Wl,-z,now -pie -m64 -g
/tmp/qemu-conf--4336-.c:1:19: 嚴重錯誤： check.h：沒有此一檔案或目錄
編譯插斷。
gcc -fPIE -DPIE -m64 -D_FORTIFY_SOURCE=2 -D_GNU_SOURCE -D_FILE_OFFSET_BITS=64 -D_LARGEFILE_SOURCE -Wstrict-prototypes -Wredundant-decls -Wall -Wundef -Wwrite-strings -Wmissing-prototypes -fno-strict-aliasing -fstack-protector-all -Wendif-labels -Wmissing-include-dirs -Wempty-body -Wnested-externs -Wformat-security -Wformat-y2k -Winit-self -Wignored-qualifiers -Wold-style-declaration -Wold-style-definition -Wtype-limits -o /tmp/qemu-conf--4336-.exe /tmp/qemu-conf--4336-.c -Wl,-z,relro -Wl,-z,now -pie -m64 -g
/tmp/qemu-conf--4336-.c:1:33: 嚴重錯誤： bluetooth/bluetooth.h：沒有此一檔案或目錄
編譯插斷。
gcc -fPIE -DPIE -m64 -D_FORTIFY_SOURCE=2 -D_GNU_SOURCE -D_FILE_OFFSET_BITS=64 -D_LARGEFILE_SOURCE -Wstrict-prototypes -Wredundant-decls -Wall -Wundef -Wwrite-strings -Wmissing-prototypes -fno-strict-aliasing -fstack-protector-all -Wendif-labels -Wmissing-include-dirs -Wempty-body -Wnested-externs -Wformat-security -Wformat-y2k -Winit-self -Wignored-qualifiers -Wold-style-declaration -Wold-style-definition -Wtype-limits -o /tmp/qemu-conf--4336-.exe /tmp/qemu-conf--4336-.c -Wl,-z,relro -Wl,-z,now -pie -m64 -g
/tmp/qemu-conf--4336-.c: In function 「main」:
/tmp/qemu-conf--4336-.c:2:1: 警告： 引數為 NULL，需要非 NULL 值(引數 1) [-Wnonnull]
/tmp/qemu-conf--4336-.c:2:1: 警告： 引數為 NULL，需要非 NULL 值(引數 3) [-Wnonnull]
/tmp/cc87Shfs.o: In function `main':
/tmp/qemu-conf--4336-.c:2: undefined reference to `pthread_create'
collect2: ld 回傳 1
gcc -fPIE -DPIE -m64 -D_FORTIFY_SOURCE=2 -D_GNU_SOURCE -D_FILE_OFFSET_BITS=64 -D_LARGEFILE_SOURCE -Wstrict-prototypes -Wredundant-decls -Wall -Wundef -Wwrite-strings -Wmissing-prototypes -fno-strict-aliasing -fstack-protector-all -Wendif-labels -Wmissing-include-dirs -Wempty-body -Wnested-externs -Wformat-security -Wformat-y2k -Winit-self -Wignored-qualifiers -Wold-style-declaration -Wold-style-definition -Wtype-limits -o /tmp/qemu-conf--4336-.exe /tmp/qemu-conf--4336-.c -Wl,-z,relro -Wl,-z,now -pie -m64 -g -pthread
/tmp/qemu-conf--4336-.c: In function 「main」:
/tmp/qemu-conf--4336-.c:2:1: 警告： 引數為 NULL，需要非 NULL 值(引數 1) [-Wnonnull]
/tmp/qemu-conf--4336-.c:2:1: 警告： 引數為 NULL，需要非 NULL 值(引數 3) [-Wnonnull]
gcc -fPIE -DPIE -m64 -D_FORTIFY_SOURCE=2 -D_GNU_SOURCE -D_FILE_OFFSET_BITS=64 -D_LARGEFILE_SOURCE -Wstrict-prototypes -Wredundant-decls -Wall -Wundef -Wwrite-strings -Wmissing-prototypes -fno-strict-aliasing -fstack-protector-all -Wendif-labels -Wmissing-include-dirs -Wempty-body -Wnested-externs -Wformat-security -Wformat-y2k -Winit-self -Wignored-qualifiers -Wold-style-declaration -Wold-style-definition -Wtype-limits -o /tmp/qemu-conf--4336-.exe /tmp/qemu-conf--4336-.c -Wl,-z,relro -Wl,-z,now -pie -m64 -g -lrbd -lrados
/tmp/qemu-conf--4336-.c:2:24: 嚴重錯誤： rbd/librbd.h：沒有此一檔案或目錄
編譯插斷。
gcc -fPIE -DPIE -m64 -D_FORTIFY_SOURCE=2 -D_GNU_SOURCE -D_FILE_OFFSET_BITS=64 -D_LARGEFILE_SOURCE -Wstrict-prototypes -Wredundant-decls -Wall -Wundef -Wwrite-strings -Wmissing-prototypes -fno-strict-aliasing -fstack-protector-all -Wendif-labels -Wmissing-include-dirs -Wempty-body -Wnested-externs -Wformat-security -Wformat-y2k -Winit-self -Wignored-qualifiers -Wold-style-declaration -Wold-style-definition -Wtype-limits -o /tmp/qemu-conf--4336-.exe /tmp/qemu-conf--4336-.c -Wl,-z,relro -Wl,-z,now -pie -m64 -g -laio
/tmp/qemu-conf--4336-.c:1:20: 嚴重錯誤： libaio.h：沒有此一檔案或目錄
編譯插斷。
gcc -fPIE -DPIE -m64 -D_FORTIFY_SOURCE=2 -D_GNU_SOURCE -D_FILE_OFFSET_BITS=64 -D_LARGEFILE_SOURCE -Wstrict-prototypes -Wredundant-decls -Wall -Wundef -Wwrite-strings -Wmissing-prototypes -fno-strict-aliasing -fstack-protector-all -Wendif-labels -Wmissing-include-dirs -Wempty-body -Wnested-externs -Wformat-security -Wformat-y2k -Winit-self -Wignored-qualifiers -Wold-style-declaration -Wold-style-definition -Wtype-limits -o /tmp/qemu-conf--4336-.exe /tmp/qemu-conf--4336-.c -Wl,-z,relro -Wl,-z,now -pie -m64 -g
gcc -fPIE -DPIE -m64 -D_FORTIFY_SOURCE=2 -D_GNU_SOURCE -D_FILE_OFFSET_BITS=64 -D_LARGEFILE_SOURCE -Wstrict-prototypes -Wredundant-decls -Wall -Wundef -Wwrite-strings -Wmissing-prototypes -fno-strict-aliasing -fstack-protector-all -Wendif-labels -Wmissing-include-dirs -Wempty-body -Wnested-externs -Wformat-security -Wformat-y2k -Winit-self -Wignored-qualifiers -Wold-style-declaration -Wold-style-definition -Wtype-limits -o /tmp/qemu-conf--4336-.exe /tmp/qemu-conf--4336-.c -Wl,-z,relro -Wl,-z,now -pie -m64 -g
/tmp/qemu-conf--4336-.c: In function 「main」:
/tmp/qemu-conf--4336-.c:4:31: 警告： 未使用的變數 「iov」 [-Wunused-variable]
gcc -fPIE -DPIE -m64 -D_FORTIFY_SOURCE=2 -D_GNU_SOURCE -D_FILE_OFFSET_BITS=64 -D_LARGEFILE_SOURCE -Wstrict-prototypes -Wredundant-decls -Wall -Wundef -Wwrite-strings -Wmissing-prototypes -fno-strict-aliasing -fstack-protector-all -Wendif-labels -Wmissing-include-dirs -Wempty-body -Wnested-externs -Wformat-security -Wformat-y2k -Winit-self -Wignored-qualifiers -Wold-style-declaration -Wold-style-definition -Wtype-limits -o /tmp/qemu-conf--4336-.exe /tmp/qemu-conf--4336-.c -Wl,-z,relro -Wl,-z,now -pie -m64 -g
/tmp/qemu-conf--4336-.c: In function 「main」:
/tmp/qemu-conf--4336-.c:4:18: 警告： 敘述不起作用 [-Wunused-value]
/tmp/qemu-conf--4336-.c:4:1: 警告： control reaches end of non-void function [-Wreturn-type]
gcc -fPIE -DPIE -m64 -D_FORTIFY_SOURCE=2 -D_GNU_SOURCE -D_FILE_OFFSET_BITS=64 -D_LARGEFILE_SOURCE -Wstrict-prototypes -Wredundant-decls -Wall -Wundef -Wwrite-strings -Wmissing-prototypes -fno-strict-aliasing -fstack-protector-all -Wendif-labels -Wmissing-include-dirs -Wempty-body -Wnested-externs -Wformat-security -Wformat-y2k -Winit-self -Wignored-qualifiers -Wold-style-declaration -Wold-style-definition -Wtype-limits -o /tmp/qemu-conf--4336-.exe /tmp/qemu-conf--4336-.c -Wl,-z,relro -Wl,-z,now -pie -m64 -g -lfdt
/usr/bin/ld: cannot find -lfdt
collect2: ld 回傳 1
gcc -fPIE -DPIE -m64 -D_FORTIFY_SOURCE=2 -D_GNU_SOURCE -D_FILE_OFFSET_BITS=64 -D_LARGEFILE_SOURCE -Wstrict-prototypes -Wredundant-decls -Wall -Wundef -Wwrite-strings -Wmissing-prototypes -fno-strict-aliasing -fstack-protector-all -Wendif-labels -Wmissing-include-dirs -Wempty-body -Wnested-externs -Wformat-security -Wformat-y2k -Winit-self -Wignored-qualifiers -Wold-style-declaration -Wold-style-definition -Wtype-limits -o /tmp/qemu-conf--4336-.exe /tmp/qemu-conf--4336-.c -Wl,-z,relro -Wl,-z,now -pie -m64 -g -lGL
/tmp/qemu-conf--4336-.c: In function 「main」:
/tmp/qemu-conf--4336-.c:4:18: 警告： 敘述不起作用 [-Wunused-value]
gcc -fPIE -DPIE -m64 -D_FORTIFY_SOURCE=2 -D_GNU_SOURCE -D_FILE_OFFSET_BITS=64 -D_LARGEFILE_SOURCE -Wstrict-prototypes -Wredundant-decls -Wall -Wundef -Wwrite-strings -Wmissing-prototypes -fno-strict-aliasing -fstack-protector-all -Wendif-labels -Wmissing-include-dirs -Wempty-body -Wnested-externs -Wformat-security -Wformat-y2k -Winit-self -Wignored-qualifiers -Wold-style-declaration -Wold-style-definition -Wtype-limits -o /tmp/qemu-conf--4336-.exe /tmp/qemu-conf--4336-.c -Wl,-z,relro -Wl,-z,now -pie -m64 -g
gcc -fPIE -DPIE -m64 -D_FORTIFY_SOURCE=2 -D_GNU_SOURCE -D_FILE_OFFSET_BITS=64 -D_LARGEFILE_SOURCE -Wstrict-prototypes -Wredundant-decls -Wall -Wundef -Wwrite-strings -Wmissing-prototypes -fno-strict-aliasing -fstack-protector-all -Wendif-labels -Wmissing-include-dirs -Wempty-body -Wnested-externs -Wformat-security -Wformat-y2k -Winit-self -Wignored-qualifiers -Wold-style-declaration -Wold-style-definition -Wtype-limits -o /tmp/qemu-conf--4336-.exe /tmp/qemu-conf--4336-.c -Wl,-z,relro -Wl,-z,now -pie -m64 -g
gcc -fPIE -DPIE -m64 -D_FORTIFY_SOURCE=2 -D_GNU_SOURCE -D_FILE_OFFSET_BITS=64 -D_LARGEFILE_SOURCE -Wstrict-prototypes -Wredundant-decls -Wall -Wundef -Wwrite-strings -Wmissing-prototypes -fno-strict-aliasing -fstack-protector-all -Wendif-labels -Wmissing-include-dirs -Wempty-body -Wnested-externs -Wformat-security -Wformat-y2k -Winit-self -Wignored-qualifiers -Wold-style-declaration -Wold-style-definition -Wtype-limits -o /tmp/qemu-conf--4336-.exe /tmp/qemu-conf--4336-.c -Wl,-z,relro -Wl,-z,now -pie -m64 -g
gcc -fPIE -DPIE -m64 -D_FORTIFY_SOURCE=2 -D_GNU_SOURCE -D_FILE_OFFSET_BITS=64 -D_LARGEFILE_SOURCE -Wstrict-prototypes -Wredundant-decls -Wall -Wundef -Wwrite-strings -Wmissing-prototypes -fno-strict-aliasing -fstack-protector-all -Wendif-labels -Wmissing-include-dirs -Wempty-body -Wnested-externs -Wformat-security -Wformat-y2k -Winit-self -Wignored-qualifiers -Wold-style-declaration -Wold-style-definition -Wtype-limits -o /tmp/qemu-conf--4336-.exe /tmp/qemu-conf--4336-.c -Wl,-z,relro -Wl,-z,now -pie -m64 -g
/tmp/qemu-conf--4336-.c: In function 「main」:
/tmp/qemu-conf--4336-.c:7:5: 警告： 隱含宣告函式 「utimensat」 [-Wimplicit-function-declaration]
/tmp/qemu-conf--4336-.c:7:5: 警告： 對 「utimensat」 的巢狀的外部宣告 [-Wnested-externs]
/tmp/qemu-conf--4336-.c:8:5: 警告： 隱含宣告函式 「futimens」 [-Wimplicit-function-declaration]
/tmp/qemu-conf--4336-.c:8:5: 警告： 對 「futimens」 的巢狀的外部宣告 [-Wnested-externs]
gcc -fPIE -DPIE -m64 -D_FORTIFY_SOURCE=2 -D_GNU_SOURCE -D_FILE_OFFSET_BITS=64 -D_LARGEFILE_SOURCE -Wstrict-prototypes -Wredundant-decls -Wall -Wundef -Wwrite-strings -Wmissing-prototypes -fno-strict-aliasing -fstack-protector-all -Wendif-labels -Wmissing-include-dirs -Wempty-body -Wnested-externs -Wformat-security -Wformat-y2k -Winit-self -Wignored-qualifiers -Wold-style-declaration -Wold-style-definition -Wtype-limits -o /tmp/qemu-conf--4336-.exe /tmp/qemu-conf--4336-.c -Wl,-z,relro -Wl,-z,now -pie -m64 -g
gcc -fPIE -DPIE -m64 -D_FORTIFY_SOURCE=2 -D_GNU_SOURCE -D_FILE_OFFSET_BITS=64 -D_LARGEFILE_SOURCE -Wstrict-prototypes -Wredundant-decls -Wall -Wundef -Wwrite-strings -Wmissing-prototypes -fno-strict-aliasing -fstack-protector-all -Wendif-labels -Wmissing-include-dirs -Wempty-body -Wnested-externs -Wformat-security -Wformat-y2k -Winit-self -Wignored-qualifiers -Wold-style-declaration -Wold-style-definition -Wtype-limits -o /tmp/qemu-conf--4336-.exe /tmp/qemu-conf--4336-.c -Wl,-z,relro -Wl,-z,now -pie -m64 -g
gcc -fPIE -DPIE -m64 -D_FORTIFY_SOURCE=2 -D_GNU_SOURCE -D_FILE_OFFSET_BITS=64 -D_LARGEFILE_SOURCE -Wstrict-prototypes -Wredundant-decls -Wall -Wundef -Wwrite-strings -Wmissing-prototypes -fno-strict-aliasing -fstack-protector-all -Wendif-labels -Wmissing-include-dirs -Wempty-body -Wnested-externs -Wformat-security -Wformat-y2k -Winit-self -Wignored-qualifiers -Wold-style-declaration -Wold-style-definition -Wtype-limits -o /tmp/qemu-conf--4336-.exe /tmp/qemu-conf--4336-.c -Wl,-z,relro -Wl,-z,now -pie -m64 -g
/tmp/qemu-conf--4336-.c: In function 「main」:
/tmp/qemu-conf--4336-.c:9:11: 警告： 「fd」 is used uninitialized in this function [-Wuninitialized]
gcc -fPIE -DPIE -m64 -D_FORTIFY_SOURCE=2 -D_GNU_SOURCE -D_FILE_OFFSET_BITS=64 -D_LARGEFILE_SOURCE -Wstrict-prototypes -Wredundant-decls -Wall -Wundef -Wwrite-strings -Wmissing-prototypes -fno-strict-aliasing -fstack-protector-all -Wendif-labels -Wmissing-include-dirs -Wempty-body -Wnested-externs -Wformat-security -Wformat-y2k -Winit-self -Wignored-qualifiers -Wold-style-declaration -Wold-style-definition -Wtype-limits -o /tmp/qemu-conf--4336-.exe /tmp/qemu-conf--4336-.c -Wl,-z,relro -Wl,-z,now -pie -m64 -g
/tmp/qemu-conf--4336-.c:1:0: 警告： 「_GNU_SOURCE」重定義 [enabled by default]
<command-line>:0:0: 附註： 這是先前定義的位置
gcc -fPIE -DPIE -m64 -D_FORTIFY_SOURCE=2 -D_GNU_SOURCE -D_FILE_OFFSET_BITS=64 -D_LARGEFILE_SOURCE -Wstrict-prototypes -Wredundant-decls -Wall -Wundef -Wwrite-strings -Wmissing-prototypes -fno-strict-aliasing -fstack-protector-all -Wendif-labels -Wmissing-include-dirs -Wempty-body -Wnested-externs -Wformat-security -Wformat-y2k -Winit-self -Wignored-qualifiers -Wold-style-declaration -Wold-style-definition -Wtype-limits -o /tmp/qemu-conf--4336-.exe /tmp/qemu-conf--4336-.c -Wl,-z,relro -Wl,-z,now -pie -m64 -g
/tmp/qemu-conf--4336-.c: In function 「main」:
/tmp/qemu-conf--4336-.c:5:9: 警告： 未使用的變數 「efd」 [-Wunused-variable]
gcc -fPIE -DPIE -m64 -D_FORTIFY_SOURCE=2 -D_GNU_SOURCE -D_FILE_OFFSET_BITS=64 -D_LARGEFILE_SOURCE -Wstrict-prototypes -Wredundant-decls -Wall -Wundef -Wwrite-strings -Wmissing-prototypes -fno-strict-aliasing -fstack-protector-all -Wendif-labels -Wmissing-include-dirs -Wempty-body -Wnested-externs -Wformat-security -Wformat-y2k -Winit-self -Wignored-qualifiers -Wold-style-declaration -Wold-style-definition -Wtype-limits -o /tmp/qemu-conf--4336-.exe /tmp/qemu-conf--4336-.c -Wl,-z,relro -Wl,-z,now -pie -m64 -g
gcc -fPIE -DPIE -m64 -D_FORTIFY_SOURCE=2 -D_GNU_SOURCE -D_FILE_OFFSET_BITS=64 -D_LARGEFILE_SOURCE -Wstrict-prototypes -Wredundant-decls -Wall -Wundef -Wwrite-strings -Wmissing-prototypes -fno-strict-aliasing -fstack-protector-all -Wendif-labels -Wmissing-include-dirs -Wempty-body -Wnested-externs -Wformat-security -Wformat-y2k -Winit-self -Wignored-qualifiers -Wold-style-declaration -Wold-style-definition -Wtype-limits -o /tmp/qemu-conf--4336-.exe /tmp/qemu-conf--4336-.c -Wl,-z,relro -Wl,-z,now -pie -m64 -g
gcc -fPIE -DPIE -m64 -D_FORTIFY_SOURCE=2 -D_GNU_SOURCE -D_FILE_OFFSET_BITS=64 -D_LARGEFILE_SOURCE -Wstrict-prototypes -Wredundant-decls -Wall -Wundef -Wwrite-strings -Wmissing-prototypes -fno-strict-aliasing -fstack-protector-all -Wendif-labels -Wmissing-include-dirs -Wempty-body -Wnested-externs -Wformat-security -Wformat-y2k -Winit-self -Wignored-qualifiers -Wold-style-declaration -Wold-style-definition -Wtype-limits -o /tmp/qemu-conf--4336-.exe /tmp/qemu-conf--4336-.c -Wl,-z,relro -Wl,-z,now -pie -m64 -g
gcc -fPIE -DPIE -m64 -D_FORTIFY_SOURCE=2 -D_GNU_SOURCE -D_FILE_OFFSET_BITS=64 -D_LARGEFILE_SOURCE -Wstrict-prototypes -Wredundant-decls -Wall -Wundef -Wwrite-strings -Wmissing-prototypes -fno-strict-aliasing -fstack-protector-all -Wendif-labels -Wmissing-include-dirs -Wempty-body -Wnested-externs -Wformat-security -Wformat-y2k -Winit-self -Wignored-qualifiers -Wold-style-declaration -Wold-style-definition -Wtype-limits -o /tmp/qemu-conf--4336-.exe /tmp/qemu-conf--4336-.c -Wl,-z,relro -Wl,-z,now -pie -m64 -g
gcc -fPIE -DPIE -m64 -D_FORTIFY_SOURCE=2 -D_GNU_SOURCE -D_FILE_OFFSET_BITS=64 -D_LARGEFILE_SOURCE -Wstrict-prototypes -Wredundant-decls -Wall -Wundef -Wwrite-strings -Wmissing-prototypes -fno-strict-aliasing -fstack-protector-all -Wendif-labels -Wmissing-include-dirs -Wempty-body -Wnested-externs -Wformat-security -Wformat-y2k -Winit-self -Wignored-qualifiers -Wold-style-declaration -Wold-style-definition -Wtype-limits -o /tmp/qemu-conf--4336-.exe /tmp/qemu-conf--4336-.c -Wl,-z,relro -Wl,-z,now -pie -m64 -g
gcc -fPIE -DPIE -m64 -D_FORTIFY_SOURCE=2 -D_GNU_SOURCE -D_FILE_OFFSET_BITS=64 -D_LARGEFILE_SOURCE -Wstrict-prototypes -Wredundant-decls -Wall -Wundef -Wwrite-strings -Wmissing-prototypes -fno-strict-aliasing -fstack-protector-all -Wendif-labels -Wmissing-include-dirs -Wempty-body -Wnested-externs -Wformat-security -Wformat-y2k -Winit-self -Wignored-qualifiers -Wold-style-declaration -Wold-style-definition -Wtype-limits -o /tmp/qemu-conf--4336-.exe /tmp/qemu-conf--4336-.c -Wl,-z,relro -Wl,-z,now -pie -m64 -g
/tmp/qemu-conf--4336-.c: In function 「main」:
/tmp/qemu-conf--4336-.c:13:5: 警告： 敘述不起作用 [-Wunused-value]
gcc -fPIE -DPIE -m64 -D_FORTIFY_SOURCE=2 -D_GNU_SOURCE -D_FILE_OFFSET_BITS=64 -D_LARGEFILE_SOURCE -Wstrict-prototypes -Wredundant-decls -Wall -Wundef -Wwrite-strings -Wmissing-prototypes -fno-strict-aliasing -fstack-protector-all -Wendif-labels -Wmissing-include-dirs -Wempty-body -Wnested-externs -Wformat-security -Wformat-y2k -Winit-self -Wignored-qualifiers -Wold-style-declaration -Wold-style-definition -Wtype-limits -o /tmp/qemu-conf--4336-.exe /tmp/qemu-conf--4336-.c -Wl,-z,relro -Wl,-z,now -pie -m64 -g
gcc -fPIE -DPIE -m64 -D_FORTIFY_SOURCE=2 -D_GNU_SOURCE -D_FILE_OFFSET_BITS=64 -D_LARGEFILE_SOURCE -Wstrict-prototypes -Wredundant-decls -Wall -Wundef -Wwrite-strings -Wmissing-prototypes -fno-strict-aliasing -fstack-protector-all -Wendif-labels -Wmissing-include-dirs -Wempty-body -Wnested-externs -Wformat-security -Wformat-y2k -Winit-self -Wignored-qualifiers -Wold-style-declaration -Wold-style-definition -Wtype-limits -o /tmp/qemu-conf--4336-.exe /tmp/qemu-conf--4336-.c -Wl,-z,relro -Wl,-z,now -pie -m64 -g
gcc -fPIE -DPIE -m64 -D_FORTIFY_SOURCE=2 -D_GNU_SOURCE -D_FILE_OFFSET_BITS=64 -D_LARGEFILE_SOURCE -Wstrict-prototypes -Wredundant-decls -Wall -Wundef -Wwrite-strings -Wmissing-prototypes -fno-strict-aliasing -fstack-protector-all -Wendif-labels -Wmissing-include-dirs -Wempty-body -Wnested-externs -Wformat-security -Wformat-y2k -Winit-self -Wignored-qualifiers -Wold-style-declaration -Wold-style-definition -Wtype-limits -o /tmp/qemu-conf--4336-.exe /tmp/qemu-conf--4336-.c -Wl,-z,relro -Wl,-z,now -pie -m64 -g
/tmp/qemu-conf--4336-.c:1:24: 嚴重錯誤： sys/endian.h：沒有此一檔案或目錄
編譯插斷。
gcc -fPIE -DPIE -m64 -D_FORTIFY_SOURCE=2 -D_GNU_SOURCE -D_FILE_OFFSET_BITS=64 -D_LARGEFILE_SOURCE -Wstrict-prototypes -Wredundant-decls -Wall -Wundef -Wwrite-strings -Wmissing-prototypes -fno-strict-aliasing -fstack-protector-all -Wendif-labels -Wmissing-include-dirs -Wempty-body -Wnested-externs -Wformat-security -Wformat-y2k -Winit-self -Wignored-qualifiers -Wold-style-declaration -Wold-style-definition -Wtype-limits -Werror -o /tmp/qemu-conf--4336-.exe /tmp/qemu-conf--4336-.c -Wl,-z,relro -Wl,-z,now -pie -m64 -g -liscsi
/tmp/qemu-conf--4336-.c:1:25: 嚴重錯誤： iscsi/iscsi.h：沒有此一檔案或目錄
編譯插斷。
gcc -fPIE -DPIE -m64 -D_FORTIFY_SOURCE=2 -D_GNU_SOURCE -D_FILE_OFFSET_BITS=64 -D_LARGEFILE_SOURCE -Wstrict-prototypes -Wredundant-decls -Wall -Wundef -Wwrite-strings -Wmissing-prototypes -fno-strict-aliasing -fstack-protector-all -Wendif-labels -Wmissing-include-dirs -Wempty-body -Wnested-externs -Wformat-security -Wformat-y2k -Winit-self -Wignored-qualifiers -Wold-style-declaration -Wold-style-definition -Wtype-limits -o /tmp/qemu-conf--4336-.exe /tmp/qemu-conf--4336-.c -Wl,-z,relro -Wl,-z,now -pie -m64 -g
/tmp/qemu-conf--4336-.c: In function 「main」:
/tmp/qemu-conf--4336-.c:3:32: 警告： 「id」 is used uninitialized in this function [-Wuninitialized]
/tmp/ccdDbkC1.o: In function `main':
/tmp/qemu-conf--4336-.c:3: undefined reference to `clock_gettime'
collect2: ld 回傳 1
gcc -fPIE -DPIE -m64 -D_FORTIFY_SOURCE=2 -D_GNU_SOURCE -D_FILE_OFFSET_BITS=64 -D_LARGEFILE_SOURCE -Wstrict-prototypes -Wredundant-decls -Wall -Wundef -Wwrite-strings -Wmissing-prototypes -fno-strict-aliasing -fstack-protector-all -Wendif-labels -Wmissing-include-dirs -Wempty-body -Wnested-externs -Wformat-security -Wformat-y2k -Winit-self -Wignored-qualifiers -Wold-style-declaration -Wold-style-definition -Wtype-limits -o /tmp/qemu-conf--4336-.exe /tmp/qemu-conf--4336-.c -Wl,-z,relro -Wl,-z,now -pie -m64 -g -lrt
/tmp/qemu-conf--4336-.c: In function 「main」:
/tmp/qemu-conf--4336-.c:3:32: 警告： 「id」 is used uninitialized in this function [-Wuninitialized]
gcc -fPIE -DPIE -m64 -D_FORTIFY_SOURCE=2 -D_GNU_SOURCE -D_FILE_OFFSET_BITS=64 -D_LARGEFILE_SOURCE -Wstrict-prototypes -Wredundant-decls -Wall -Wundef -Wwrite-strings -Wmissing-prototypes -fno-strict-aliasing -fstack-protector-all -Wendif-labels -Wmissing-include-dirs -Wempty-body -Wnested-externs -Wformat-security -Wformat-y2k -Winit-self -Wignored-qualifiers -Wold-style-declaration -Wold-style-definition -Wtype-limits -o /tmp/qemu-conf--4336-.exe /tmp/qemu-conf--4336-.c -Wl,-z,relro -Wl,-z,now -pie -m64 -g
gcc -fPIE -DPIE -m64 -D_FORTIFY_SOURCE=2 -D_GNU_SOURCE -D_FILE_OFFSET_BITS=64 -D_LARGEFILE_SOURCE -Wstrict-prototypes -Wredundant-decls -Wall -Wundef -Wwrite-strings -Wmissing-prototypes -fno-strict-aliasing -fstack-protector-all -Wendif-labels -Wmissing-include-dirs -Wempty-body -Wnested-externs -Wformat-security -Wformat-y2k -Winit-self -Wignored-qualifiers -Wold-style-declaration -Wold-style-definition -Wtype-limits -o /tmp/qemu-conf--4336-.exe /tmp/qemu-conf--4336-.c -Wl,-z,relro -Wl,-z,now -pie -m64 -g
gcc -fPIE -DPIE -m64 -D_FORTIFY_SOURCE=2 -D_GNU_SOURCE -D_FILE_OFFSET_BITS=64 -D_LARGEFILE_SOURCE -Wstrict-prototypes -Wredundant-decls -Wall -Wundef -Wwrite-strings -Wmissing-prototypes -fno-strict-aliasing -fstack-protector-all -Wendif-labels -Wmissing-include-dirs -Wempty-body -Wnested-externs -Wformat-security -Wformat-y2k -Winit-self -Wignored-qualifiers -Wold-style-declaration -Wold-style-definition -Wtype-limits -o /tmp/qemu-conf--4336-.exe /tmp/qemu-conf--4336-.c -Wl,-z,relro -Wl,-z,now -pie -m64 -g
gcc -fPIE -DPIE -m64 -D_FORTIFY_SOURCE=2 -D_GNU_SOURCE -D_FILE_OFFSET_BITS=64 -D_LARGEFILE_SOURCE -Wstrict-prototypes -Wredundant-decls -Wall -Wundef -Wwrite-strings -Wmissing-prototypes -fno-strict-aliasing -fstack-protector-all -Wendif-labels -Wmissing-include-dirs -Wempty-body -Wnested-externs -Wformat-security -Wformat-y2k -Winit-self -Wignored-qualifiers -Wold-style-declaration -Wold-style-definition -Wtype-limits -o /tmp/qemu-conf--4336-.exe /tmp/qemu-conf--4336-.c -Wl,-z,relro -Wl,-z,now -pie -m64 -g
gcc -fPIE -DPIE -m64 -D_FORTIFY_SOURCE=2 -D_GNU_SOURCE -D_FILE_OFFSET_BITS=64 -D_LARGEFILE_SOURCE -Wstrict-prototypes -Wredundant-decls -Wall -Wundef -Wwrite-strings -Wmissing-prototypes -fno-strict-aliasing -fstack-protector-all -Wendif-labels -Wmissing-include-dirs -Wempty-body -Wnested-externs -Wformat-security -Wformat-y2k -Winit-self -Wignored-qualifiers -Wold-style-declaration -Wold-style-definition -Wtype-limits -o /tmp/qemu-conf--4336-.exe /tmp/qemu-conf--4336-.c -Wl,-z,relro -Wl,-z,now -pie -m64 -g
/tmp/qemu-conf--4336-.c: In function 「main」:
/tmp/qemu-conf--4336-.c:2:1: 警告： control reaches end of non-void function [-Wreturn-type]
gcc -fPIE -DPIE -m64 -D_FORTIFY_SOURCE=2 -D_GNU_SOURCE -D_FILE_OFFSET_BITS=64 -D_LARGEFILE_SOURCE -Wstrict-prototypes -Wredundant-decls -Wall -Wundef -Wwrite-strings -Wmissing-prototypes -fno-strict-aliasing -fstack-protector-all -Wendif-labels -Wmissing-include-dirs -Wempty-body -Wnested-externs -Wformat-security -Wformat-y2k -Winit-self -Wignored-qualifiers -Wold-style-declaration -Wold-style-definition -Wtype-limits -o /tmp/qemu-conf--4336-.exe /tmp/qemu-conf--4336-.c -Wl,-z,relro -Wl,-z,now -pie -m64 -g
/tmp/qemu-conf--4336-.c: In function 「main」:
/tmp/qemu-conf--4336-.c:2:25: 警告： control reaches end of non-void function [-Wreturn-type]
gcc -fPIE -DPIE -m64 -D_FORTIFY_SOURCE=2 -D_GNU_SOURCE -D_FILE_OFFSET_BITS=64 -D_LARGEFILE_SOURCE -Wstrict-prototypes -Wredundant-decls -Wall -Wundef -Wwrite-strings -Wmissing-prototypes -fno-strict-aliasing -fstack-protector-all -Wendif-labels -Wmissing-include-dirs -Wempty-body -Wnested-externs -Wformat-security -Wformat-y2k -Winit-self -Wignored-qualifiers -Wold-style-declaration -Wold-style-definition -Wtype-limits -o /tmp/qemu-conf--4336-.exe /tmp/qemu-conf--4336-.c -Wl,-z,relro -Wl,-z,now -pie -m64 -g
/tmp/qemu-conf--4336-.c: In function 「main」:
/tmp/qemu-conf--4336-.c:3:1: 警告： control reaches end of non-void function [-Wreturn-type]
